<?xml version="1.0" encoding="UTF-8"?>
<!-- Generated by org.testng.reporters.JUnitXMLReporter -->
<testsuite ignored="0" hostname="DESKTOP-S6GK0PI" failures="1" tests="2" name="Error Validation Test" time="28.315" errors="0" timestamp="2025-01-24T21:31:36 CET">
  <testcase classname="rahulshettyacademy.Tests.errorValidationsTest" name="ProductErrorTst" time="8.828">
    <failure type="java.lang.AssertionError" message="expected [true] but found [false]">
      <![CDATA[java.lang.AssertionError: expected [true] but found [false]
at rahulshettyacademy.Tests.errorValidationsTest.ProductErrorTst(errorValidationsTest.java:39)
at java.base/java.util.ArrayList.forEach(ArrayList.java:1596)
... Removed 29 stack frames]]>
    </failure>
  </testcase> <!-- ProductErrorTst -->
  <testcase classname="rahulshettyacademy.Tests.errorValidationsTest" name="credentialErrorTst" time="0.988"/>
</testsuite> <!-- Error Validation Test -->
